<?xml version="1.0" encoding="UTF-8"?>
<testsuite xmlns:xsi="http://www.w3.org/2001/XMLSchema-instance" xsi:noNamespaceSchemaLocation="https://maven.apache.org/surefire/maven-surefire-plugin/xsd/surefire-test-report.xsd" name="dev.snowdrop.example.LocalTest" time="5.425" tests="2" errors="0" skipped="0" failures="0">
  <properties>
[...]
</properties>
  <testcase name="testGreetingEndpointWithNameParameter" classname="dev.snowdrop.example.LocalTest" time="1.642"/>
  <testcase name="testGreetingEndpoint" classname="dev.snowdrop.example.LocalTest" time="0.02"/>
</testsuite>